<?xml version="1.0" encoding="UTF-8"?>
<testsuite name="UserServiceTest" tests="1" skipped="0" failures="0" errors="0" timestamp="2020-05-16T19:13:58" hostname="DESKTOP-LFJA5LJ" time="6.053">
  <properties/>
  <testcase name="cacheTest()" classname="UserServiceTest" time="6.053"/>
  <system-out><![CDATA[21:13:50.637 [Test worker] DEBUG org.springframework.test.context.BootstrapUtils - Instantiating CacheAwareContextLoaderDelegate from class [org.springframework.test.context.cache.DefaultCacheAwareContextLoaderDelegate]
21:13:50.665 [Test worker] DEBUG org.springframework.test.context.BootstrapUtils - Instantiating BootstrapContext using constructor [public org.springframework.test.context.support.DefaultBootstrapContext(java.lang.Class,org.springframework.test.context.CacheAwareContextLoaderDelegate)]
21:13:50.725 [Test worker] DEBUG org.springframework.test.context.BootstrapUtils - Instantiating TestContextBootstrapper for test class [UserServiceTest] from class [org.springframework.boot.test.context.SpringBootTestContextBootstrapper]
21:13:50.765 [Test worker] INFO org.springframework.boot.test.context.SpringBootTestContextBootstrapper - Neither @ContextConfiguration nor @ContextHierarchy found for test class [UserServiceTest], using SpringBootContextLoader
21:13:50.773 [Test worker] DEBUG org.springframework.test.context.support.AbstractContextLoader - Did not detect default resource location for test class [UserServiceTest]: class path resource [UserServiceTest-context.xml] does not exist
21:13:50.774 [Test worker] DEBUG org.springframework.test.context.support.AbstractContextLoader - Did not detect default resource location for test class [UserServiceTest]: class path resource [UserServiceTestContext.groovy] does not exist
21:13:50.776 [Test worker] INFO org.springframework.test.context.support.AbstractContextLoader - Could not detect default resource locations for test class [UserServiceTest]: no resource found for suffixes {-context.xml, Context.groovy}.
21:13:50.868 [Test worker] DEBUG org.springframework.test.context.support.ActiveProfilesUtils - Could not find an 'annotation declaring class' for annotation type [org.springframework.test.context.ActiveProfiles] and class [UserServiceTest]
21:13:51.249 [Test worker] DEBUG org.springframework.boot.test.context.SpringBootTestContextBootstrapper - @TestExecutionListeners is not present for class [UserServiceTest]: using defaults.
21:13:51.251 [Test worker] INFO org.springframework.boot.test.context.SpringBootTestContextBootstrapper - Loaded default TestExecutionListener class names from location [META-INF/spring.factories]: [org.springframework.boot.test.autoconfigure.restdocs.RestDocsTestExecutionListener, org.springframework.boot.test.autoconfigure.web.client.MockRestServiceServerResetTestExecutionListener, org.springframework.boot.test.autoconfigure.web.servlet.MockMvcPrintOnlyOnFailureTestExecutionListener, org.springframework.boot.test.autoconfigure.web.servlet.WebDriverTestExecutionListener, org.springframework.boot.test.mock.mockito.MockitoTestExecutionListener, org.springframework.boot.test.mock.mockito.ResetMocksTestExecutionListener, org.springframework.test.context.web.ServletTestExecutionListener, org.springframework.test.context.support.DirtiesContextBeforeModesTestExecutionListener, org.springframework.test.context.support.DependencyInjectionTestExecutionListener, org.springframework.test.context.support.DirtiesContextTestExecutionListener, org.springframework.test.context.transaction.TransactionalTestExecutionListener, org.springframework.test.context.jdbc.SqlScriptsTestExecutionListener, org.springframework.test.context.event.EventPublishingTestExecutionListener]
21:13:51.275 [Test worker] DEBUG org.springframework.boot.test.context.SpringBootTestContextBootstrapper - Skipping candidate TestExecutionListener [org.springframework.test.context.transaction.TransactionalTestExecutionListener] due to a missing dependency. Specify custom listener classes or make the default listener classes and their required dependencies available. Offending class: [org/springframework/transaction/interceptor/TransactionAttributeSource]
21:13:51.277 [Test worker] DEBUG org.springframework.boot.test.context.SpringBootTestContextBootstrapper - Skipping candidate TestExecutionListener [org.springframework.test.context.jdbc.SqlScriptsTestExecutionListener] due to a missing dependency. Specify custom listener classes or make the default listener classes and their required dependencies available. Offending class: [org/springframework/transaction/interceptor/TransactionAttribute]
21:13:51.278 [Test worker] INFO org.springframework.boot.test.context.SpringBootTestContextBootstrapper - Using TestExecutionListeners: [org.springframework.test.context.web.ServletTestExecutionListener@5dbefd0d, org.springframework.test.context.support.DirtiesContextBeforeModesTestExecutionListener@286e9559, org.springframework.boot.test.mock.mockito.MockitoTestExecutionListener@44f68f40, org.springframework.boot.test.autoconfigure.SpringBootDependencyInjectionTestExecutionListener@512503b9, org.springframework.test.context.support.DirtiesContextTestExecutionListener@7b59da05, org.springframework.test.context.event.EventPublishingTestExecutionListener@27c15c6a, org.springframework.boot.test.autoconfigure.restdocs.RestDocsTestExecutionListener@573d4b5d, org.springframework.boot.test.autoconfigure.web.client.MockRestServiceServerResetTestExecutionListener@2efca2c8, org.springframework.boot.test.autoconfigure.web.servlet.MockMvcPrintOnlyOnFailureTestExecutionListener@1b40dce0, org.springframework.boot.test.autoconfigure.web.servlet.WebDriverTestExecutionListener@36cff1ee, org.springframework.boot.test.mock.mockito.ResetMocksTestExecutionListener@b9523c9]
21:13:51.287 [Test worker] DEBUG org.springframework.test.context.support.AbstractDirtiesContextTestExecutionListener - Before test class: context [DefaultTestContext@6ebd0399 testClass = UserServiceTest, testInstance = [null], testMethod = [null], testException = [null], mergedContextConfiguration = [WebMergedContextConfiguration@45f5b54e testClass = UserServiceTest, locations = '{}', classes = '{class com.spingweb.Main, class com.spingweb.Main}', contextInitializerClasses = '[]', activeProfiles = '{}', propertySourceLocations = '{}', propertySourceProperties = '{org.springframework.boot.test.context.SpringBootTestContextBootstrapper=true}', contextCustomizers = set[org.springframework.boot.test.autoconfigure.properties.PropertyMappingContextCustomizer@0, org.springframework.boot.test.autoconfigure.web.servlet.WebDriverContextCustomizerFactory$Customizer@6251b08f, org.springframework.boot.test.context.filter.ExcludeFilterContextCustomizer@51997bc0, org.springframework.boot.test.json.DuplicateJsonObjectContextCustomizerFactory$DuplicateJsonObjectContextCustomizer@56d45c0b, org.springframework.boot.test.mock.mockito.MockitoContextCustomizer@0, org.springframework.boot.test.web.client.TestRestTemplateContextCustomizer@22cd2d0f, org.springframework.boot.test.context.SpringBootTestArgs@1], resourceBasePath = 'src/main/webapp', contextLoader = 'org.springframework.boot.test.context.SpringBootContextLoader', parent = [null]], attributes = map['org.springframework.test.context.web.ServletTestExecutionListener.activateListener' -> true]], class annotated with @DirtiesContext [false] with mode [null].
21:13:51.368 [Test worker] DEBUG org.springframework.test.context.support.TestPropertySourceUtils - Adding inlined properties to environment: {spring.jmx.enabled=false, org.springframework.boot.test.context.SpringBootTestContextBootstrapper=true, server.port=-1}

  .   ____          _            __ _ _
 /\\ / ___'_ __ _ _(_)_ __  __ _ \ \ \ \
( ( )\___ | '_ | '_| | '_ \/ _` | \ \ \ \
 \\/  ___)| |_)| | | | | || (_| |  ) ) ) )
  '  |____| .__|_| |_|_| |_\__, | / / / /
 =========|_|==============|___/=/_/_/_/
 :: Spring Boot ::        (v2.2.7.RELEASE)

2020-05-16 21:13:52.183  INFO 4588 --- [    Test worker] UserServiceTest                          : Starting UserServiceTest on DESKTOP-LFJA5LJ with PID 4588 (started by ZobaRoidz in C:\Users\ZobaRoidz\Desktop\SpringBoot2)
2020-05-16 21:13:52.188  INFO 4588 --- [    Test worker] UserServiceTest                          : No active profile set, falling back to default profiles: default
2020-05-16 21:13:56.811  INFO 4588 --- [    Test worker] o.s.s.concurrent.ThreadPoolTaskExecutor  : Initializing ExecutorService 'applicationTaskExecutor'
2020-05-16 21:13:57.990  INFO 4588 --- [    Test worker] .s.s.UserDetailsServiceAutoConfiguration : 

Using generated security password: 5566fc63-9e0f-454d-bf1b-d0a8e2b5b819

2020-05-16 21:13:58.689  INFO 4588 --- [    Test worker] o.s.s.web.DefaultSecurityFilterChain     : Creating filter chain: any request, [org.springframework.security.web.context.request.async.WebAsyncManagerIntegrationFilter@6059d8ce, org.springframework.security.web.context.SecurityContextPersistenceFilter@4ae00871, org.springframework.security.web.header.HeaderWriterFilter@39d75b4f, org.springframework.security.web.csrf.CsrfFilter@13991fcf, org.springframework.security.web.authentication.logout.LogoutFilter@6e48b991, org.springframework.security.web.authentication.UsernamePasswordAuthenticationFilter@9df518e, org.springframework.security.web.authentication.ui.DefaultLoginPageGeneratingFilter@65bcfb3a, org.springframework.security.web.authentication.ui.DefaultLogoutPageGeneratingFilter@221d92b4, org.springframework.security.web.authentication.www.BasicAuthenticationFilter@5c1d8bbd, org.springframework.security.web.savedrequest.RequestCacheAwareFilter@6ca331bc, org.springframework.security.web.servletapi.SecurityContextHolderAwareRequestFilter@6c0ee6c1, org.springframework.security.web.authentication.AnonymousAuthenticationFilter@157144a3, org.springframework.security.web.session.SessionManagementFilter@6de1144e, org.springframework.security.web.access.ExceptionTranslationFilter@e6c89eb, org.springframework.security.web.access.intercept.FilterSecurityInterceptor@28e92e2d]
2020-05-16 21:13:58.897  INFO 4588 --- [    Test worker] UserServiceTest                          : Started UserServiceTest in 7.505 seconds (JVM running for 11.81)
Budah user inserted
Budah  user inserted
Going to sleep for 5 Secs.. to simulate backend call.
Budah Budah Budah
]]></system-out>
  <system-err><![CDATA[]]></system-err>
</testsuite>
