<?xml version="1.0" encoding="UTF-8"?>
<testsuite name="UserServiceTest" tests="1" skipped="0" failures="0" errors="0" timestamp="2020-05-16T19:28:09" hostname="DESKTOP-LFJA5LJ" time="5.902">
  <properties/>
  <testcase name="cacheTest()" classname="UserServiceTest" time="5.902"/>
  <system-out><![CDATA[21:28:00.751 [Test worker] DEBUG org.springframework.test.context.BootstrapUtils - Instantiating CacheAwareContextLoaderDelegate from class [org.springframework.test.context.cache.DefaultCacheAwareContextLoaderDelegate]
21:28:00.777 [Test worker] DEBUG org.springframework.test.context.BootstrapUtils - Instantiating BootstrapContext using constructor [public org.springframework.test.context.support.DefaultBootstrapContext(java.lang.Class,org.springframework.test.context.CacheAwareContextLoaderDelegate)]
21:28:00.849 [Test worker] DEBUG org.springframework.test.context.BootstrapUtils - Instantiating TestContextBootstrapper for test class [UserServiceTest] from class [org.springframework.boot.test.context.SpringBootTestContextBootstrapper]
21:28:00.914 [Test worker] INFO org.springframework.boot.test.context.SpringBootTestContextBootstrapper - Neither @ContextConfiguration nor @ContextHierarchy found for test class [UserServiceTest], using SpringBootContextLoader
21:28:00.925 [Test worker] DEBUG org.springframework.test.context.support.AbstractContextLoader - Did not detect default resource location for test class [UserServiceTest]: class path resource [UserServiceTest-context.xml] does not exist
21:28:00.927 [Test worker] DEBUG org.springframework.test.context.support.AbstractContextLoader - Did not detect default resource location for test class [UserServiceTest]: class path resource [UserServiceTestContext.groovy] does not exist
21:28:00.928 [Test worker] INFO org.springframework.test.context.support.AbstractContextLoader - Could not detect default resource locations for test class [UserServiceTest]: no resource found for suffixes {-context.xml, Context.groovy}.
21:28:01.052 [Test worker] DEBUG org.springframework.test.context.support.ActiveProfilesUtils - Could not find an 'annotation declaring class' for annotation type [org.springframework.test.context.ActiveProfiles] and class [UserServiceTest]
21:28:01.382 [Test worker] DEBUG org.springframework.boot.test.context.SpringBootTestContextBootstrapper - @TestExecutionListeners is not present for class [UserServiceTest]: using defaults.
21:28:01.383 [Test worker] INFO org.springframework.boot.test.context.SpringBootTestContextBootstrapper - Loaded default TestExecutionListener class names from location [META-INF/spring.factories]: [org.springframework.boot.test.autoconfigure.restdocs.RestDocsTestExecutionListener, org.springframework.boot.test.autoconfigure.web.client.MockRestServiceServerResetTestExecutionListener, org.springframework.boot.test.autoconfigure.web.servlet.MockMvcPrintOnlyOnFailureTestExecutionListener, org.springframework.boot.test.autoconfigure.web.servlet.WebDriverTestExecutionListener, org.springframework.boot.test.mock.mockito.MockitoTestExecutionListener, org.springframework.boot.test.mock.mockito.ResetMocksTestExecutionListener, org.springframework.test.context.web.ServletTestExecutionListener, org.springframework.test.context.support.DirtiesContextBeforeModesTestExecutionListener, org.springframework.test.context.support.DependencyInjectionTestExecutionListener, org.springframework.test.context.support.DirtiesContextTestExecutionListener, org.springframework.test.context.transaction.TransactionalTestExecutionListener, org.springframework.test.context.jdbc.SqlScriptsTestExecutionListener, org.springframework.test.context.event.EventPublishingTestExecutionListener]
21:28:01.409 [Test worker] DEBUG org.springframework.boot.test.context.SpringBootTestContextBootstrapper - Skipping candidate TestExecutionListener [org.springframework.test.context.transaction.TransactionalTestExecutionListener] due to a missing dependency. Specify custom listener classes or make the default listener classes and their required dependencies available. Offending class: [org/springframework/transaction/interceptor/TransactionAttributeSource]
21:28:01.412 [Test worker] DEBUG org.springframework.boot.test.context.SpringBootTestContextBootstrapper - Skipping candidate TestExecutionListener [org.springframework.test.context.jdbc.SqlScriptsTestExecutionListener] due to a missing dependency. Specify custom listener classes or make the default listener classes and their required dependencies available. Offending class: [org/springframework/transaction/interceptor/TransactionAttribute]
21:28:01.413 [Test worker] INFO org.springframework.boot.test.context.SpringBootTestContextBootstrapper - Using TestExecutionListeners: [org.springframework.test.context.web.ServletTestExecutionListener@182600d5, org.springframework.test.context.support.DirtiesContextBeforeModesTestExecutionListener@15f26541, org.springframework.boot.test.mock.mockito.MockitoTestExecutionListener@727a3f58, org.springframework.boot.test.autoconfigure.SpringBootDependencyInjectionTestExecutionListener@32867d3, org.springframework.test.context.support.DirtiesContextTestExecutionListener@2b20ffcb, org.springframework.test.context.event.EventPublishingTestExecutionListener@2d7e5f83, org.springframework.boot.test.autoconfigure.restdocs.RestDocsTestExecutionListener@edd258b, org.springframework.boot.test.autoconfigure.web.client.MockRestServiceServerResetTestExecutionListener@4e0bcd7c, org.springframework.boot.test.autoconfigure.web.servlet.MockMvcPrintOnlyOnFailureTestExecutionListener@6279add1, org.springframework.boot.test.autoconfigure.web.servlet.WebDriverTestExecutionListener@3d24645a, org.springframework.boot.test.mock.mockito.ResetMocksTestExecutionListener@5a32ff08]
21:28:01.430 [Test worker] DEBUG org.springframework.test.context.support.AbstractDirtiesContextTestExecutionListener - Before test class: context [DefaultTestContext@19ba5188 testClass = UserServiceTest, testInstance = [null], testMethod = [null], testException = [null], mergedContextConfiguration = [WebMergedContextConfiguration@1746385c testClass = UserServiceTest, locations = '{}', classes = '{class com.spingweb.Main, class com.spingweb.Main}', contextInitializerClasses = '[]', activeProfiles = '{}', propertySourceLocations = '{}', propertySourceProperties = '{org.springframework.boot.test.context.SpringBootTestContextBootstrapper=true}', contextCustomizers = set[org.springframework.boot.test.autoconfigure.properties.PropertyMappingContextCustomizer@0, org.springframework.boot.test.autoconfigure.web.servlet.WebDriverContextCustomizerFactory$Customizer@69a2be6a, org.springframework.boot.test.context.filter.ExcludeFilterContextCustomizer@55e40d39, org.springframework.boot.test.json.DuplicateJsonObjectContextCustomizerFactory$DuplicateJsonObjectContextCustomizer@2e6ae128, org.springframework.boot.test.mock.mockito.MockitoContextCustomizer@0, org.springframework.boot.test.web.client.TestRestTemplateContextCustomizer@583d9ad4, org.springframework.boot.test.context.SpringBootTestArgs@1], resourceBasePath = 'src/main/webapp', contextLoader = 'org.springframework.boot.test.context.SpringBootContextLoader', parent = [null]], attributes = map['org.springframework.test.context.web.ServletTestExecutionListener.activateListener' -> true]], class annotated with @DirtiesContext [false] with mode [null].
21:28:01.532 [Test worker] DEBUG org.springframework.test.context.support.TestPropertySourceUtils - Adding inlined properties to environment: {spring.jmx.enabled=false, org.springframework.boot.test.context.SpringBootTestContextBootstrapper=true, server.port=-1}

  .   ____          _            __ _ _
 /\\ / ___'_ __ _ _(_)_ __  __ _ \ \ \ \
( ( )\___ | '_ | '_| | '_ \/ _` | \ \ \ \
 \\/  ___)| |_)| | | | | || (_| |  ) ) ) )
  '  |____| .__|_| |_|_| |_\__, | / / / /
 =========|_|==============|___/=/_/_/_/
 :: Spring Boot ::        (v2.2.7.RELEASE)

2020-05-16 21:28:02.484  INFO 2104 --- [    Test worker] UserServiceTest                          : Starting UserServiceTest on DESKTOP-LFJA5LJ with PID 2104 (started by ZobaRoidz in C:\Users\ZobaRoidz\Desktop\SpringBoot2)
2020-05-16 21:28:02.491  INFO 2104 --- [    Test worker] UserServiceTest                          : No active profile set, falling back to default profiles: default
2020-05-16 21:28:06.865  INFO 2104 --- [    Test worker] o.s.s.concurrent.ThreadPoolTaskExecutor  : Initializing ExecutorService 'applicationTaskExecutor'
2020-05-16 21:28:08.152  INFO 2104 --- [    Test worker] .s.s.UserDetailsServiceAutoConfiguration : 

Using generated security password: 24e6353a-9961-41e9-9f43-f16b72f4f15f

2020-05-16 21:28:08.780  INFO 2104 --- [    Test worker] o.s.s.web.DefaultSecurityFilterChain     : Creating filter chain: any request, [org.springframework.security.web.context.request.async.WebAsyncManagerIntegrationFilter@21d93cbc, org.springframework.security.web.context.SecurityContextPersistenceFilter@632d1db5, org.springframework.security.web.header.HeaderWriterFilter@599fa5ee, org.springframework.security.web.csrf.CsrfFilter@3dc43354, org.springframework.security.web.authentication.logout.LogoutFilter@31ce57cb, org.springframework.security.web.authentication.UsernamePasswordAuthenticationFilter@be66541, org.springframework.security.web.authentication.ui.DefaultLoginPageGeneratingFilter@17da8432, org.springframework.security.web.authentication.ui.DefaultLogoutPageGeneratingFilter@7380a21e, org.springframework.security.web.authentication.www.BasicAuthenticationFilter@1852d6ad, org.springframework.security.web.savedrequest.RequestCacheAwareFilter@35a8cdc6, org.springframework.security.web.servletapi.SecurityContextHolderAwareRequestFilter@659763ed, org.springframework.security.web.authentication.AnonymousAuthenticationFilter@65543338, org.springframework.security.web.session.SessionManagementFilter@23170b27, org.springframework.security.web.access.ExceptionTranslationFilter@7218b3de, org.springframework.security.web.access.intercept.FilterSecurityInterceptor@27d111a8]
2020-05-16 21:28:08.998  INFO 2104 --- [    Test worker] UserServiceTest                          : Started UserServiceTest in 7.419 seconds (JVM running for 10.481)
Budah user inserted
Budah  user inserted
Going to sleep for 5 Secs.. to simulate backend call.
Budah Budah Budah
]]></system-out>
  <system-err><![CDATA[]]></system-err>
</testsuite>
